<?xml version="1.0" encoding="UTF-8"?>
<testng-results ignored="0" total="7" passed="6" failed="1" skipped="0">
  <reporter-output>
  </reporter-output>
  <suite started-at="2022-05-16T11:49:49Z" name="Suite" finished-at="2022-05-16T11:50:30Z" duration-ms="41058">
    <groups>
      <group name="Smoke">
        <method signature="TC_Index_01.verifyLogo()[pri:0, instance:com.recruitment.testCases.TC_Index_01@7922d892]" name="verifyLogo" class="com.recruitment.testCases.TC_Index_01"/>
        <method signature="TC_Index_01.verifyTitle()[pri:0, instance:com.recruitment.testCases.TC_Index_01@7922d892]" name="verifyTitle" class="com.recruitment.testCases.TC_Index_01"/>
      </group> <!-- Smoke -->
    </groups>
    <test started-at="2022-05-16T11:49:49Z" name="Test" finished-at="2022-05-16T11:50:30Z" duration-ms="41058">
      <class name="com.recruitment.testCases.TC_SearchBox_04">
        <test-method is-config="true" signature="setup(java.lang.String)[pri:0, instance:com.recruitment.testCases.TC_SearchBox_04@50de186c]" started-at="2022-05-16T11:50:23Z" name="setup" finished-at="2022-05-16T11:50:25Z" duration-ms="2385" status="PASS">
          <params>
            <param index="0">
              <value>
                <![CDATA[chrome]]>
              </value>
            </param>
          </params>
          <reporter-output>
          </reporter-output>
        </test-method> <!-- setup -->
        <test-method signature="search(java.lang.String)[pri:0, instance:com.recruitment.testCases.TC_SearchBox_04@50de186c]" started-at="2022-05-16T11:50:25Z" name="search" data-provider="SearchData" finished-at="2022-05-16T11:50:27Z" duration-ms="1729" status="PASS">
          <params>
            <param index="0">
              <value>
                <![CDATA[Amazon]]>
              </value>
            </param>
          </params>
          <reporter-output>
          </reporter-output>
        </test-method> <!-- search -->
        <test-method signature="search(java.lang.String)[pri:0, instance:com.recruitment.testCases.TC_SearchBox_04@50de186c]" started-at="2022-05-16T11:50:27Z" name="search" data-provider="SearchData" finished-at="2022-05-16T11:50:30Z" duration-ms="3045" status="PASS">
          <params>
            <param index="0">
              <value>
                <![CDATA[Google]]>
              </value>
            </param>
          </params>
          <reporter-output>
          </reporter-output>
        </test-method> <!-- search -->
        <test-method is-config="true" signature="tearDown()[pri:0, instance:com.recruitment.testCases.TC_SearchBox_04@50de186c]" started-at="2022-05-16T11:50:30Z" name="tearDown" finished-at="2022-05-16T11:50:30Z" duration-ms="140" status="PASS">
          <reporter-output>
          </reporter-output>
        </test-method> <!-- tearDown -->
      </class> <!-- com.recruitment.testCases.TC_SearchBox_04 -->
      <class name="com.recruitment.testCases.TC_Login_02">
        <test-method is-config="true" signature="setup(java.lang.String)[pri:0, instance:com.recruitment.testCases.TC_Login_02@457c9034]" started-at="2022-05-16T11:49:54Z" name="setup" finished-at="2022-05-16T11:49:57Z" duration-ms="2376" status="PASS">
          <params>
            <param index="0">
              <value>
                <![CDATA[chrome]]>
              </value>
            </param>
          </params>
          <reporter-output>
          </reporter-output>
        </test-method> <!-- setup -->
        <test-method signature="loginTest()[pri:0, instance:com.recruitment.testCases.TC_Login_02@457c9034]" started-at="2022-05-16T11:49:57Z" name="loginTest" finished-at="2022-05-16T11:50:07Z" duration-ms="10412" status="PASS">
          <reporter-output>
          </reporter-output>
        </test-method> <!-- loginTest -->
        <test-method is-config="true" signature="tearDown()[pri:0, instance:com.recruitment.testCases.TC_Login_02@457c9034]" started-at="2022-05-16T11:50:07Z" name="tearDown" finished-at="2022-05-16T11:50:07Z" duration-ms="135" status="PASS">
          <reporter-output>
          </reporter-output>
        </test-method> <!-- tearDown -->
      </class> <!-- com.recruitment.testCases.TC_Login_02 -->
      <class name="com.recruitment.testCases.LoginDDT_03">
        <test-method is-config="true" signature="setup(java.lang.String)[pri:0, instance:com.recruitment.testCases.LoginDDT_03@345f69f3]" started-at="2022-05-16T11:50:07Z" name="setup" finished-at="2022-05-16T11:50:10Z" duration-ms="2331" status="PASS">
          <params>
            <param index="0">
              <value>
                <![CDATA[chrome]]>
              </value>
            </param>
          </params>
          <reporter-output>
          </reporter-output>
        </test-method> <!-- setup -->
        <test-method signature="loginDDT(java.lang.String, java.lang.String)[pri:0, instance:com.recruitment.testCases.LoginDDT_03@345f69f3]" started-at="2022-05-16T11:50:10Z" name="loginDDT" data-provider="LoginData" finished-at="2022-05-16T11:50:13Z" duration-ms="2575" status="FAIL">
          <params>
            <param index="0">
              <value>
                <![CDATA[invalid]]>
              </value>
            </param>
            <param index="1">
              <value>
                <![CDATA[invalid]]>
              </value>
            </param>
          </params>
          <exception class="java.lang.AssertionError">
            <message>
              <![CDATA[expected [true] but found [false]]]>
            </message>
            <full-stacktrace>
              <![CDATA[java.lang.AssertionError: expected [true] but found [false]
at org.testng.Assert.fail(Assert.java:96)
at org.testng.Assert.failNotEquals(Assert.java:776)
at org.testng.Assert.assertTrue(Assert.java:44)
at org.testng.Assert.assertTrue(Assert.java:54)
at com.recruitment.testCases.LoginDDT_03.loginDDT(LoginDDT_03.java:46)
at java.base/jdk.internal.reflect.NativeMethodAccessorImpl.invoke0(Native Method)
at java.base/jdk.internal.reflect.NativeMethodAccessorImpl.invoke(NativeMethodAccessorImpl.java:78)
at java.base/jdk.internal.reflect.DelegatingMethodAccessorImpl.invoke(DelegatingMethodAccessorImpl.java:43)
at java.base/java.lang.reflect.Method.invoke(Method.java:567)
at org.testng.internal.MethodInvocationHelper.invokeMethod(MethodInvocationHelper.java:124)
at org.testng.internal.Invoker.invokeMethod(Invoker.java:583)
at org.testng.internal.Invoker.invokeTestMethod(Invoker.java:719)
at org.testng.internal.Invoker.invokeTestMethods(Invoker.java:989)
at org.testng.internal.TestMethodWorker.invokeTestMethods(TestMethodWorker.java:125)
at org.testng.internal.TestMethodWorker.run(TestMethodWorker.java:109)
at org.testng.TestRunner.privateRun(TestRunner.java:648)
at org.testng.TestRunner.run(TestRunner.java:505)
at org.testng.SuiteRunner.runTest(SuiteRunner.java:455)
at org.testng.SuiteRunner.runSequentially(SuiteRunner.java:450)
at org.testng.SuiteRunner.privateRun(SuiteRunner.java:415)
at org.testng.SuiteRunner.run(SuiteRunner.java:364)
at org.testng.SuiteRunnerWorker.runSuite(SuiteRunnerWorker.java:52)
at org.testng.SuiteRunnerWorker.run(SuiteRunnerWorker.java:84)
at org.testng.TestNG.runSuitesSequentially(TestNG.java:1208)
at org.testng.TestNG.runSuitesLocally(TestNG.java:1137)
at org.testng.TestNG.runSuites(TestNG.java:1049)
at org.testng.TestNG.run(TestNG.java:1017)
at org.testng.remote.AbstractRemoteTestNG.run(AbstractRemoteTestNG.java:115)
at org.testng.remote.RemoteTestNG.initAndRun(RemoteTestNG.java:251)
at org.testng.remote.RemoteTestNG.main(RemoteTestNG.java:77)
]]>
            </full-stacktrace>
          </exception> <!-- java.lang.AssertionError -->
          <reporter-output>
          </reporter-output>
        </test-method> <!-- loginDDT -->
        <test-method signature="loginDDT(java.lang.String, java.lang.String)[pri:0, instance:com.recruitment.testCases.LoginDDT_03@345f69f3]" started-at="2022-05-16T11:50:13Z" name="loginDDT" data-provider="LoginData" finished-at="2022-05-16T11:50:23Z" duration-ms="9864" status="PASS">
          <params>
            <param index="0">
              <value>
                <![CDATA[Technical test]]>
              </value>
            </param>
            <param index="1">
              <value>
                <![CDATA[Wikipedia@11]]>
              </value>
            </param>
          </params>
          <reporter-output>
          </reporter-output>
        </test-method> <!-- loginDDT -->
        <test-method is-config="true" signature="tearDown()[pri:0, instance:com.recruitment.testCases.LoginDDT_03@345f69f3]" started-at="2022-05-16T11:50:23Z" name="tearDown" finished-at="2022-05-16T11:50:23Z" duration-ms="133" status="PASS">
          <reporter-output>
          </reporter-output>
        </test-method> <!-- tearDown -->
      </class> <!-- com.recruitment.testCases.LoginDDT_03 -->
      <class name="com.recruitment.testCases.TC_Index_01">
        <test-method is-config="true" signature="setup(java.lang.String)[pri:0, instance:com.recruitment.testCases.TC_Index_01@7922d892]" started-at="2022-05-16T11:49:50Z" name="setup" finished-at="2022-05-16T11:49:54Z" duration-ms="4494" status="PASS">
          <params>
            <param index="0">
              <value>
                <![CDATA[chrome]]>
              </value>
            </param>
          </params>
          <reporter-output>
          </reporter-output>
        </test-method> <!-- setup -->
        <test-method signature="verifyLogo()[pri:0, instance:com.recruitment.testCases.TC_Index_01@7922d892]" started-at="2022-05-16T11:49:54Z" name="verifyLogo" finished-at="2022-05-16T11:49:54Z" duration-ms="77" status="PASS">
          <reporter-output>
          </reporter-output>
        </test-method> <!-- verifyLogo -->
        <test-method signature="verifyTitle()[pri:0, instance:com.recruitment.testCases.TC_Index_01@7922d892]" started-at="2022-05-16T11:49:54Z" name="verifyTitle" finished-at="2022-05-16T11:49:54Z" duration-ms="9" status="PASS">
          <reporter-output>
          </reporter-output>
        </test-method> <!-- verifyTitle -->
        <test-method is-config="true" signature="tearDown()[pri:0, instance:com.recruitment.testCases.TC_Index_01@7922d892]" started-at="2022-05-16T11:49:54Z" name="tearDown" finished-at="2022-05-16T11:49:54Z" duration-ms="207" status="PASS">
          <reporter-output>
          </reporter-output>
        </test-method> <!-- tearDown -->
      </class> <!-- com.recruitment.testCases.TC_Index_01 -->
    </test> <!-- Test -->
  </suite> <!-- Suite -->
</testng-results>
